lkj     mnb     bvc     dfj
8       NULL    8       b
NULL    NULL    4       NULL
1       2       3       a
2       3       4       a
3       4       5       a
4       5       6       a
5       6       7       a
NULL    7       7       a
lkj     mnb     bvc     dfj
8       NULL    8       b
NULL    NULL    4       NULL
1       2       3       a
2       3       4       a
3       4       5       a
4       5       6       a
5       6       7       a
NULL    7       7       a
lkj     mnb     bvc     dfj
4       5       6       a
NULL    7       7       a
lkj     mnb     bvc     dfj
8       NULL    8       b
NULL    NULL    4       NULL